a_m_k: dim 2, lengths {49152, 768}, strides {768, 1}
b_k_n: dim 2, lengths {768, 3072}, strides {3072, 1}
d0_m_n: dim 2, lengths {49152, 3072}, strides {0, 1}
d1_m_n: dim 2, lengths {49152, 3072}, strides {0, 1}
e_m_n: dim 2, lengths {49152, 3072}, strides {3072, 1}
found 48 instances
launch_and_time_kernel: grid_dim {4608, 1, 1}, block_dim {256, 1, 1} 
Warm up 1 time
Start running 100 times...
Perf:    2.19377 ms, 105.721 TFlops, 174.223 GB/s, DeviceGemmMultipleD_Xdl_CShuffle<256, 256, 128, 32, 8, 2, Default> LoopScheduler: Default, PipelineVersion: v1
launch_and_time_kernel: grid_dim {4608, 1, 1}, block_dim {256, 1, 1} 
Warm up 1 time
Start running 100 times...
Perf:    2.14552 ms, 108.099 TFlops, 178.142 GB/s, DeviceGemmMultipleD_Xdl_CShuffle<256, 256, 128, 32, 8, 8, Default> LoopScheduler: Default, PipelineVersion: v1
launch_and_time_kernel: grid_dim {4608, 1, 1}, block_dim {256, 1, 1} 
Warm up 1 time
Start running 100 times...
Perf:    2.34559 ms, 98.8783 TFlops, 162.946 GB/s, DeviceGemmMultipleD_Xdl_CShuffle<256, 128, 256, 32, 8, 2, Default> LoopScheduler: Default, PipelineVersion: v1
launch_and_time_kernel: grid_dim {4608, 1, 1}, block_dim {256, 1, 1} 
Warm up 1 time
Start running 100 times...
Perf:     2.2758 ms, 101.911 TFlops, 167.944 GB/s, DeviceGemmMultipleD_Xdl_CShuffle<256, 128, 256, 32, 8, 8, Default> LoopScheduler: Default, PipelineVersion: v1
launch_and_time_kernel: grid_dim {9216, 1, 1}, block_dim {128, 1, 1} 
Warm up 1 time
Start running 100 times...
Perf:    2.78602 ms, 83.2471 TFlops, 137.187 GB/s, DeviceGemmMultipleD_Xdl_CShuffle<128, 128, 128, 32, 8, 2, Default> LoopScheduler: Default, PipelineVersion: v1
launch_and_time_kernel: grid_dim {9216, 1, 1}, block_dim {128, 1, 1} 
Warm up 1 time
Start running 100 times...
Perf:    2.73915 ms, 84.6717 TFlops, 139.535 GB/s, DeviceGemmMultipleD_Xdl_CShuffle<128, 128, 128, 32, 8, 8, Default> LoopScheduler: Default, PipelineVersion: v1
launch_and_time_kernel: grid_dim {9216, 1, 1}, block_dim {256, 1, 1} 
Warm up 1 time
Start running 100 times...
Perf:    2.14246 ms, 108.253 TFlops, 178.396 GB/s, DeviceGemmMultipleD_Xdl_CShuffle<256, 128, 128, 32, 8, 2, Default> LoopScheduler: Default, PipelineVersion: v1
launch_and_time_kernel: grid_dim {9216, 1, 1}, block_dim {256, 1, 1} 
Warm up 1 time
Start running 100 times...
Perf:    2.14045 ms, 108.355 TFlops, 178.563 GB/s, DeviceGemmMultipleD_Xdl_CShuffle<256, 128, 128, 32, 8, 8, Default> LoopScheduler: Default, PipelineVersion: v1
launch_and_time_kernel: grid_dim {18432, 1, 1}, block_dim {128, 1, 1} 
Warm up 1 time
Start running 100 times...
Perf:    2.67721 ms, 86.6305 TFlops, 142.763 GB/s, DeviceGemmMultipleD_Xdl_CShuffle<128, 128, 64, 32, 8, 2, Default> LoopScheduler: Default, PipelineVersion: v1
launch_and_time_kernel: grid_dim {18432, 1, 1}, block_dim {128, 1, 1} 
Warm up 1 time
Start running 100 times...
Perf:    2.60655 ms, 88.9789 TFlops, 146.633 GB/s, DeviceGemmMultipleD_Xdl_CShuffle<128, 128, 64, 32, 8, 8, Default> LoopScheduler: Default, PipelineVersion: v1
launch_and_time_kernel: grid_dim {18432, 1, 1}, block_dim {128, 1, 1} 
Warm up 1 time
Start running 100 times...
Perf:    2.62941 ms, 88.2055 TFlops, 145.358 GB/s, DeviceGemmMultipleD_Xdl_CShuffle<128, 64, 128, 32, 8, 2, Default> LoopScheduler: Default, PipelineVersion: v1
launch_and_time_kernel: grid_dim {18432, 1, 1}, block_dim {128, 1, 1} 
Warm up 1 time
Start running 100 times...
Perf:    2.56765 ms, 90.3272 TFlops, 148.855 GB/s, DeviceGemmMultipleD_Xdl_CShuffle<128, 64, 128, 32, 8, 8, Default> LoopScheduler: Default, PipelineVersion: v1
launch_and_time_kernel: grid_dim {18432, 1, 1}, block_dim {256, 1, 1} 
Warm up 1 time
Start running 100 times...
Perf:    2.43472 ms, 95.2589 TFlops, 156.982 GB/s, DeviceGemmMultipleD_Xdl_CShuffle<256, 128, 64, 32, 8, 2, Default> LoopScheduler: Default, PipelineVersion: v1
launch_and_time_kernel: grid_dim {18432, 1, 1}, block_dim {256, 1, 1} 
Warm up 1 time
Start running 100 times...
Perf:    2.50802 ms, 92.4745 TFlops, 152.393 GB/s, DeviceGemmMultipleD_Xdl_CShuffle<256, 128, 64, 32, 8, 8, Default> LoopScheduler: Default, PipelineVersion: v1
launch_and_time_kernel: grid_dim {18432, 1, 1}, block_dim {256, 1, 1} 
Warm up 1 time
Start running 100 times...
Perf:    2.35068 ms, 98.6644 TFlops, 162.594 GB/s, DeviceGemmMultipleD_Xdl_CShuffle<256, 64, 128, 32, 8, 2, Default> LoopScheduler: Default, PipelineVersion: v1
launch_and_time_kernel: grid_dim {18432, 1, 1}, block_dim {256, 1, 1} 
Warm up 1 time
Start running 100 times...
Perf:    2.30708 ms, 100.529 TFlops, 165.667 GB/s, DeviceGemmMultipleD_Xdl_CShuffle<256, 64, 128, 32, 8, 8, Default> LoopScheduler: Default, PipelineVersion: v1
launch_and_time_kernel: grid_dim {4608, 1, 1}, block_dim {256, 1, 1} 
Warm up 1 time
Start running 100 times...
Perf:    2.24314 ms, 103.395 TFlops, 170.389 GB/s, DeviceGemmMultipleD_Xdl_CShuffle<256, 256, 128, 32, 8, 2, Default> LoopScheduler: Interwave, PipelineVersion: v1
launch_and_time_kernel: grid_dim {4608, 1, 1}, block_dim {256, 1, 1} 
Warm up 1 time
Start running 100 times...
Perf:    2.22528 ms, 104.224 TFlops, 171.756 GB/s, DeviceGemmMultipleD_Xdl_CShuffle<256, 256, 128, 32, 8, 8, Default> LoopScheduler: Interwave, PipelineVersion: v1
launch_and_time_kernel: grid_dim {4608, 1, 1}, block_dim {256, 1, 1} 
Warm up 1 time
Start running 100 times...
Perf:    2.18799 ms, 106 TFlops, 174.683 GB/s, DeviceGemmMultipleD_Xdl_CShuffle<256, 128, 256, 32, 8, 2, Default> LoopScheduler: Interwave, PipelineVersion: v1
launch_and_time_kernel: grid_dim {4608, 1, 1}, block_dim {256, 1, 1} 
Warm up 1 time
Start running 100 times...
Perf:    2.19836 ms, 105.501 TFlops, 173.86 GB/s, DeviceGemmMultipleD_Xdl_CShuffle<256, 128, 256, 32, 8, 8, Default> LoopScheduler: Interwave, PipelineVersion: v1
launch_and_time_kernel: grid_dim {9216, 1, 1}, block_dim {128, 1, 1} 
Warm up 1 time
Start running 100 times...
Perf:     2.7158 ms, 85.3996 TFlops, 140.734 GB/s, DeviceGemmMultipleD_Xdl_CShuffle<128, 128, 128, 32, 8, 2, Default> LoopScheduler: Interwave, PipelineVersion: v1
launch_and_time_kernel: grid_dim {9216, 1, 1}, block_dim {128, 1, 1} 
Warm up 1 time
Start running 100 times...
Perf:    2.77733 ms, 83.5077 TFlops, 137.616 GB/s, DeviceGemmMultipleD_Xdl_CShuffle<128, 128, 128, 32, 8, 8, Default> LoopScheduler: Interwave, PipelineVersion: v1
launch_and_time_kernel: grid_dim {9216, 1, 1}, block_dim {256, 1, 1} 
Warm up 1 time
Start running 100 times...
Perf:     2.0652 ms, 112.303 TFlops, 185.07 GB/s, DeviceGemmMultipleD_Xdl_CShuffle<256, 128, 128, 32, 8, 2, Default> LoopScheduler: Interwave, PipelineVersion: v1
launch_and_time_kernel: grid_dim {9216, 1, 1}, block_dim {256, 1, 1} 
Warm up 1 time
Start running 100 times...
Perf:    2.00123 ms, 115.893 TFlops, 190.986 GB/s, DeviceGemmMultipleD_Xdl_CShuffle<256, 128, 128, 32, 8, 8, Default> LoopScheduler: Interwave, PipelineVersion: v1
launch_and_time_kernel: grid_dim {18432, 1, 1}, block_dim {128, 1, 1} 
Warm up 1 time
Start running 100 times...
Perf:    2.43374 ms, 95.2972 TFlops, 157.045 GB/s, DeviceGemmMultipleD_Xdl_CShuffle<128, 128, 64, 32, 8, 2, Default> LoopScheduler: Interwave, PipelineVersion: v1
launch_and_time_kernel: grid_dim {18432, 1, 1}, block_dim {128, 1, 1} 
Warm up 1 time
Start running 100 times...
Perf:    2.40076 ms, 96.6064 TFlops, 159.202 GB/s, DeviceGemmMultipleD_Xdl_CShuffle<128, 128, 64, 32, 8, 8, Default> LoopScheduler: Interwave, PipelineVersion: v1
launch_and_time_kernel: grid_dim {18432, 1, 1}, block_dim {128, 1, 1} 
Warm up 1 time
Start running 100 times...
Perf:    2.40506 ms, 96.4333 TFlops, 158.917 GB/s, DeviceGemmMultipleD_Xdl_CShuffle<128, 64, 128, 32, 8, 2, Default> LoopScheduler: Interwave, PipelineVersion: v1
launch_and_time_kernel: grid_dim {18432, 1, 1}, block_dim {128, 1, 1} 
Warm up 1 time
Start running 100 times...
Perf:    2.39012 ms, 97.0361 TFlops, 159.911 GB/s, DeviceGemmMultipleD_Xdl_CShuffle<128, 64, 128, 32, 8, 8, Default> LoopScheduler: Interwave, PipelineVersion: v1
launch_and_time_kernel: grid_dim {18432, 1, 1}, block_dim {256, 1, 1} 
Warm up 1 time
Start running 100 times...
Perf:    2.33717 ms, 99.2345 TFlops, 163.533 GB/s, DeviceGemmMultipleD_Xdl_CShuffle<256, 128, 64, 32, 8, 2, Default> LoopScheduler: Interwave, PipelineVersion: v1
launch_and_time_kernel: grid_dim {18432, 1, 1}, block_dim {256, 1, 1} 
Warm up 1 time
Start running 100 times...
Perf:    2.48047 ms, 93.5016 TFlops, 154.086 GB/s, DeviceGemmMultipleD_Xdl_CShuffle<256, 128, 64, 32, 8, 8, Default> LoopScheduler: Interwave, PipelineVersion: v1
launch_and_time_kernel: grid_dim {18432, 1, 1}, block_dim {256, 1, 1} 
Warm up 1 time
Start running 100 times...
Perf:    2.26175 ms, 102.544 TFlops, 168.987 GB/s, DeviceGemmMultipleD_Xdl_CShuffle<256, 64, 128, 32, 8, 2, Default> LoopScheduler: Interwave, PipelineVersion: v1
launch_and_time_kernel: grid_dim {18432, 1, 1}, block_dim {256, 1, 1} 
Warm up 1 time
Start running 100 times...
Perf:    2.19543 ms, 105.641 TFlops, 174.091 GB/s, DeviceGemmMultipleD_Xdl_CShuffle<256, 64, 128, 32, 8, 8, Default> LoopScheduler: Interwave, PipelineVersion: v1
launch_and_time_kernel: grid_dim {4608, 1, 1}, block_dim {256, 1, 1} 
Warm up 1 time
Start running 100 times...
Perf:    2.37808 ms, 97.5277 TFlops, 160.721 GB/s, DeviceGemmMultipleD_Xdl_CShuffle<256, 256, 128, 32, 8, 2, Default> LoopScheduler: Default, PipelineVersion: v2
launch_and_time_kernel: grid_dim {4608, 1, 1}, block_dim {256, 1, 1} 
Warm up 1 time
Start running 100 times...
Perf:    2.30657 ms, 100.551 TFlops, 165.703 GB/s, DeviceGemmMultipleD_Xdl_CShuffle<256, 256, 128, 32, 8, 8, Default> LoopScheduler: Default, PipelineVersion: v2
launch_and_time_kernel: grid_dim {4608, 1, 1}, block_dim {256, 1, 1} 
Warm up 1 time
Start running 100 times...
Perf:    2.21667 ms, 104.629 TFlops, 172.423 GB/s, DeviceGemmMultipleD_Xdl_CShuffle<256, 128, 256, 32, 8, 2, Default> LoopScheduler: Default, PipelineVersion: v2
launch_and_time_kernel: grid_dim {4608, 1, 1}, block_dim {256, 1, 1} 
Warm up 1 time
Start running 100 times...
Perf:     2.1723 ms, 106.766 TFlops, 175.945 GB/s, DeviceGemmMultipleD_Xdl_CShuffle<256, 128, 256, 32, 8, 8, Default> LoopScheduler: Default, PipelineVersion: v2
launch_and_time_kernel: grid_dim {9216, 1, 1}, block_dim {128, 1, 1} 
Warm up 1 time
Start running 100 times...
Perf:    2.72102 ms, 85.2358 TFlops, 140.464 GB/s, DeviceGemmMultipleD_Xdl_CShuffle<128, 128, 128, 32, 8, 2, Default> LoopScheduler: Default, PipelineVersion: v2
launch_and_time_kernel: grid_dim {9216, 1, 1}, block_dim {128, 1, 1} 
Warm up 1 time
Start running 100 times...
Perf:    2.70558 ms, 85.7221 TFlops, 141.266 GB/s, DeviceGemmMultipleD_Xdl_CShuffle<128, 128, 128, 32, 8, 8, Default> LoopScheduler: Default, PipelineVersion: v2
launch_and_time_kernel: grid_dim {9216, 1, 1}, block_dim {256, 1, 1} 
Warm up 1 time
Start running 100 times...
Perf:    2.18686 ms, 106.055 TFlops, 174.774 GB/s, DeviceGemmMultipleD_Xdl_CShuffle<256, 128, 128, 32, 8, 2, Default> LoopScheduler: Default, PipelineVersion: v2
launch_and_time_kernel: grid_dim {9216, 1, 1}, block_dim {256, 1, 1} 
Warm up 1 time
Start running 100 times...
Perf:    2.23172 ms, 103.923 TFlops, 171.26 GB/s, DeviceGemmMultipleD_Xdl_CShuffle<256, 128, 128, 32, 8, 8, Default> LoopScheduler: Default, PipelineVersion: v2
launch_and_time_kernel: grid_dim {18432, 1, 1}, block_dim {128, 1, 1} 
Warm up 1 time
Start running 100 times...
Perf:    2.50509 ms, 92.583 TFlops, 152.572 GB/s, DeviceGemmMultipleD_Xdl_CShuffle<128, 128, 64, 32, 8, 2, Default> LoopScheduler: Default, PipelineVersion: v2
launch_and_time_kernel: grid_dim {18432, 1, 1}, block_dim {128, 1, 1} 
Warm up 1 time
Start running 100 times...
Perf:    2.43812 ms, 95.126 TFlops, 156.763 GB/s, DeviceGemmMultipleD_Xdl_CShuffle<128, 128, 64, 32, 8, 8, Default> LoopScheduler: Default, PipelineVersion: v2
launch_and_time_kernel: grid_dim {18432, 1, 1}, block_dim {128, 1, 1} 
Warm up 1 time
Start running 100 times...
Perf:    2.45171 ms, 94.5986 TFlops, 155.894 GB/s, DeviceGemmMultipleD_Xdl_CShuffle<128, 64, 128, 32, 8, 2, Default> LoopScheduler: Default, PipelineVersion: v2
launch_and_time_kernel: grid_dim {18432, 1, 1}, block_dim {128, 1, 1} 
Warm up 1 time
Start running 100 times...
Perf:    2.46076 ms, 94.2508 TFlops, 155.32 GB/s, DeviceGemmMultipleD_Xdl_CShuffle<128, 64, 128, 32, 8, 8, Default> LoopScheduler: Default, PipelineVersion: v2
launch_and_time_kernel: grid_dim {18432, 1, 1}, block_dim {256, 1, 1} 
Warm up 1 time
Start running 100 times...
Perf:    2.41351 ms, 96.0958 TFlops, 158.361 GB/s, DeviceGemmMultipleD_Xdl_CShuffle<256, 128, 64, 32, 8, 2, Default> LoopScheduler: Default, PipelineVersion: v2
launch_and_time_kernel: grid_dim {18432, 1, 1}, block_dim {256, 1, 1} 
Warm up 1 time
Start running 100 times...
Perf:    2.56646 ms, 90.3689 TFlops, 148.923 GB/s, DeviceGemmMultipleD_Xdl_CShuffle<256, 128, 64, 32, 8, 8, Default> LoopScheduler: Default, PipelineVersion: v2
launch_and_time_kernel: grid_dim {18432, 1, 1}, block_dim {256, 1, 1} 
Warm up 1 time
Start running 100 times...
Perf:    2.35942 ms, 98.2989 TFlops, 161.992 GB/s, DeviceGemmMultipleD_Xdl_CShuffle<256, 64, 128, 32, 8, 2, Default> LoopScheduler: Default, PipelineVersion: v2
launch_and_time_kernel: grid_dim {18432, 1, 1}, block_dim {256, 1, 1} 
Warm up 1 time
Start running 100 times...
Perf:    2.30427 ms, 100.652 TFlops, 165.869 GB/s, DeviceGemmMultipleD_Xdl_CShuffle<256, 64, 128, 32, 8, 8, Default> LoopScheduler: Default, PipelineVersion: v2
Best Perf: 2.00123 ms, 115.893 TFlops, 190.986 GB/s, DeviceGemmMultipleD_Xdl_CShuffle<256, 128, 128, 32, 8, 8, Default> LoopScheduler: Interwave, PipelineVersion: v1
